{"contracts/Token1.sol":{"l":{"10":9,"13":2},"path":"/Volumes/ExFAT/134/TokenSwap/contracts/Token1.sol","s":{"1":9,"2":2},"b":{},"f":{"1":9,"2":2},"fnMap":{"1":{"name":"constructor","line":9,"loc":{"start":{"line":9,"column":4},"end":{"line":11,"column":4}}},"2":{"name":"mint","line":12,"loc":{"start":{"line":12,"column":4},"end":{"line":14,"column":4}}}},"statementMap":{"1":{"start":{"line":10,"column":8},"end":{"line":10,"column":52}},"2":{"start":{"line":13,"column":8},"end":{"line":13,"column":24}}},"branchMap":{}},"contracts/Token2.sol":{"l":{"12":2},"path":"/Volumes/ExFAT/134/TokenSwap/contracts/Token2.sol","s":{"1":2},"b":{},"f":{"1":9,"2":2},"fnMap":{"1":{"name":"constructor","line":9,"loc":{"start":{"line":9,"column":4},"end":{"line":9,"column":42}}},"2":{"name":"mint","line":11,"loc":{"start":{"line":11,"column":4},"end":{"line":13,"column":4}}}},"statementMap":{"1":{"start":{"line":12,"column":8},"end":{"line":12,"column":24}}},"branchMap":{}},"contracts/TokenSwap.sol":{"l":{"27":9,"28":9,"29":9,"30":9,"31":9,"32":9,"36":1,"37":1,"41":1,"46":1,"47":1,"56":2,"57":2},"path":"/Volumes/ExFAT/134/TokenSwap/contracts/TokenSwap.sol","s":{"1":9,"2":9,"3":9,"4":9,"5":9,"6":9,"7":1,"8":1,"9":1,"10":1,"11":1,"12":2,"13":2},"b":{"1":[1,0],"2":[1,0],"3":[1,0],"4":[2,0]},"f":{"1":9,"2":1,"3":2},"fnMap":{"1":{"name":"constructor","line":19,"loc":{"start":{"line":19,"column":2},"end":{"line":33,"column":2}}},"2":{"name":"swap","line":35,"loc":{"start":{"line":35,"column":2},"end":{"line":48,"column":2}}},"3":{"name":"_safeTransferFrom","line":50,"loc":{"start":{"line":50,"column":2},"end":{"line":58,"column":2}}}},"statementMap":{"1":{"start":{"line":27,"column":4},"end":{"line":27,"column":27}},"2":{"start":{"line":28,"column":4},"end":{"line":28,"column":19}},"3":{"start":{"line":29,"column":4},"end":{"line":29,"column":21}},"4":{"start":{"line":30,"column":4},"end":{"line":30,"column":27}},"5":{"start":{"line":31,"column":4},"end":{"line":31,"column":19}},"6":{"start":{"line":32,"column":4},"end":{"line":32,"column":21}},"7":{"start":{"line":36,"column":4},"end":{"line":36,"column":74}},"8":{"start":{"line":37,"column":4},"end":{"line":37,"column":790}},"9":{"start":{"line":41,"column":4},"end":{"line":41,"column":902}},"10":{"start":{"line":46,"column":4},"end":{"line":46,"column":53}},"11":{"start":{"line":47,"column":4},"end":{"line":47,"column":53}},"12":{"start":{"line":56,"column":4},"end":{"line":56,"column":61}},"13":{"start":{"line":57,"column":4},"end":{"line":57,"column":41}}},"branchMap":{"1":{"line":36,"type":"if","locations":[{"start":{"line":36,"column":4},"end":{"line":36,"column":4}},{"start":{"line":36,"column":4},"end":{"line":36,"column":4}}]},"2":{"line":37,"type":"if","locations":[{"start":{"line":37,"column":4},"end":{"line":37,"column":4}},{"start":{"line":37,"column":4},"end":{"line":37,"column":4}}]},"3":{"line":41,"type":"if","locations":[{"start":{"line":41,"column":4},"end":{"line":41,"column":4}},{"start":{"line":41,"column":4},"end":{"line":41,"column":4}}]},"4":{"line":57,"type":"if","locations":[{"start":{"line":57,"column":4},"end":{"line":57,"column":4}},{"start":{"line":57,"column":4},"end":{"line":57,"column":4}}]}}}}